<?xml version="1.0" encoding="UTF-8"?>
<!-- Generated by org.testng.reporters.JUnitReportReporter -->
<testsuite skipped="0" hostname="DESKTOP-H4MFR2P" name="authenticationTesting.TestAuthentication" tests="1" failures="0" timestamp="29 May 2018 09:05:28 GMT" time="12.987" errors="0">
  <testcase name="logIn" time="12.987" classname="authenticationTesting.TestAuthentication"/>
</testsuite> <!-- authenticationTesting.TestAuthentication -->
