<?xml version="1.0" encoding="UTF-8"?>
<!-- Generated by org.testng.reporters.JUnitReportReporter -->
<testsuite skipped="0" hostname="DESKTOP-H4MFR2P" name="home.TestSearchPage" tests="1" failures="0" timestamp="29 May 2018 09:05:28 GMT" time="21.490" errors="0">
  <testcase name="searchNewTopic" time="21.490" classname="home.TestSearchPage"/>
</testsuite> <!-- home.TestSearchPage -->
