<?xml version="1.0" encoding="UTF-8"?>
<!-- Generated by org.testng.reporters.JUnitReportReporter -->
<testsuite skipped="0" hostname="DESKTOP-H4MFR2P" name="authenticationTesting.TestPopUpWindow" tests="1" failures="0" timestamp="29 May 2018 09:12:20 GMT" time="10.015" errors="0">
  <testcase name="testPopUp" time="10.015" classname="authenticationTesting.TestPopUpWindow"/>
</testsuite> <!-- authenticationTesting.TestPopUpWindow -->
