<?xml version="1.0" encoding="UTF-8"?>
<!-- Generated by org.testng.reporters.JUnitReportReporter -->
<testsuite skipped="0" hostname="DESKTOP-H4MFR2P" name="testcelldata.TestReadDataFromTable" tests="1" failures="0" timestamp="21 Jun 2018 09:01:43 GMT" time="8.708" errors="0">
  <testcase name="read" time="8.708" classname="testcelldata.TestReadDataFromTable"/>
</testsuite> <!-- testcelldata.TestReadDataFromTable -->
