<?xml version="1.0" encoding="UTF-8"?>
<!-- Generated by org.testng.reporters.JUnitReportReporter -->
<testsuite skipped="0" hostname="DESKTOP-H4MFR2P" name="home.TestSearchPage" tests="1" failures="0" timestamp="22 May 2018 07:40:26 GMT" time="20.646" errors="0">
  <testcase name="searchNewTopic" time="20.646" classname="home.TestSearchPage"/>
</testsuite> <!-- home.TestSearchPage -->
